[29-Aug-2019 00:01:22 Asia/Tokyo] PHP Notice:  Undefined index: select_name in /Applications/MAMP/htdocs/tic_tac_toe/board.php on line 20
[29-Aug-2019 00:01:22 Asia/Tokyo] PHP Stack trace:
[29-Aug-2019 00:01:22 Asia/Tokyo] PHP   1. {main}() /Applications/MAMP/htdocs/tic_tac_toe/board.php:0
[29-Aug-2019 23:04:01 Asia/Tokyo] PHP Notice:  Undefined index: select_name in /Applications/MAMP/htdocs/tic_tac_toe/board.php on line 20
[29-Aug-2019 23:04:01 Asia/Tokyo] PHP Stack trace:
[29-Aug-2019 23:04:01 Asia/Tokyo] PHP   1. {main}() /Applications/MAMP/htdocs/tic_tac_toe/board.php:0
[29-Aug-2019 23:10:02 Asia/Tokyo] PHP Notice:  Undefined index: select_name in /Applications/MAMP/htdocs/tic_tac_toe/board.php on line 20
[29-Aug-2019 23:10:02 Asia/Tokyo] PHP Stack trace:
[29-Aug-2019 23:10:02 Asia/Tokyo] PHP   1. {main}() /Applications/MAMP/htdocs/tic_tac_toe/board.php:0
[29-Aug-2019 23:11:14 Asia/Tokyo] PHP Notice:  Undefined index: select_name in /Applications/MAMP/htdocs/tic_tac_toe/board.php on line 20
[29-Aug-2019 23:11:14 Asia/Tokyo] PHP Stack trace:
[29-Aug-2019 23:11:14 Asia/Tokyo] PHP   1. {main}() /Applications/MAMP/htdocs/tic_tac_toe/board.php:0
[29-Aug-2019 23:12:00 Asia/Tokyo] PHP Notice:  Undefined index: select_name in /Applications/MAMP/htdocs/tic_tac_toe/board.php on line 20
[29-Aug-2019 23:12:00 Asia/Tokyo] PHP Stack trace:
[29-Aug-2019 23:12:00 Asia/Tokyo] PHP   1. {main}() /Applications/MAMP/htdocs/tic_tac_toe/board.php:0
[29-Aug-2019 23:12:19 Asia/Tokyo] PHP Notice:  Undefined index: select_name in /Applications/MAMP/htdocs/tic_tac_toe/board.php on line 20
[29-Aug-2019 23:12:19 Asia/Tokyo] PHP Stack trace:
[29-Aug-2019 23:12:19 Asia/Tokyo] PHP   1. {main}() /Applications/MAMP/htdocs/tic_tac_toe/board.php:0
[29-Aug-2019 23:12:42 Asia/Tokyo] PHP Notice:  Undefined index: select_name in /Applications/MAMP/htdocs/tic_tac_toe/board.php on line 20
[29-Aug-2019 23:12:42 Asia/Tokyo] PHP Stack trace:
[29-Aug-2019 23:12:42 Asia/Tokyo] PHP   1. {main}() /Applications/MAMP/htdocs/tic_tac_toe/board.php:0
[29-Aug-2019 23:13:40 Asia/Tokyo] PHP Notice:  Undefined index: select_name in /Applications/MAMP/htdocs/tic_tac_toe/board.php on line 20
[29-Aug-2019 23:13:40 Asia/Tokyo] PHP Stack trace:
[29-Aug-2019 23:13:40 Asia/Tokyo] PHP   1. {main}() /Applications/MAMP/htdocs/tic_tac_toe/board.php:0
[29-Aug-2019 23:14:10 Asia/Tokyo] PHP Notice:  Undefined index: select_name in /Applications/MAMP/htdocs/tic_tac_toe/board.php on line 20
[29-Aug-2019 23:14:10 Asia/Tokyo] PHP Stack trace:
[29-Aug-2019 23:14:10 Asia/Tokyo] PHP   1. {main}() /Applications/MAMP/htdocs/tic_tac_toe/board.php:0
[29-Aug-2019 23:14:30 Asia/Tokyo] PHP Notice:  Undefined index: select_name in /Applications/MAMP/htdocs/tic_tac_toe/board.php on line 20
[29-Aug-2019 23:14:30 Asia/Tokyo] PHP Stack trace:
[29-Aug-2019 23:14:30 Asia/Tokyo] PHP   1. {main}() /Applications/MAMP/htdocs/tic_tac_toe/board.php:0
[29-Aug-2019 23:15:03 Asia/Tokyo] PHP Notice:  Undefined index: select_name in /Applications/MAMP/htdocs/tic_tac_toe/board.php on line 20
[29-Aug-2019 23:15:03 Asia/Tokyo] PHP Stack trace:
[29-Aug-2019 23:15:03 Asia/Tokyo] PHP   1. {main}() /Applications/MAMP/htdocs/tic_tac_toe/board.php:0
[29-Aug-2019 23:15:39 Asia/Tokyo] PHP Notice:  Undefined index: select_name in /Applications/MAMP/htdocs/tic_tac_toe/board.php on line 20
[29-Aug-2019 23:15:39 Asia/Tokyo] PHP Stack trace:
[29-Aug-2019 23:15:39 Asia/Tokyo] PHP   1. {main}() /Applications/MAMP/htdocs/tic_tac_toe/board.php:0
[29-Aug-2019 23:16:05 Asia/Tokyo] PHP Notice:  Undefined index: select_name in /Applications/MAMP/htdocs/tic_tac_toe/board.php on line 20
[29-Aug-2019 23:16:05 Asia/Tokyo] PHP Stack trace:
[29-Aug-2019 23:16:05 Asia/Tokyo] PHP   1. {main}() /Applications/MAMP/htdocs/tic_tac_toe/board.php:0
[29-Aug-2019 23:17:28 Asia/Tokyo] PHP Notice:  Undefined index: select_name in /Applications/MAMP/htdocs/tic_tac_toe/board.php on line 20
[29-Aug-2019 23:17:28 Asia/Tokyo] PHP Stack trace:
[29-Aug-2019 23:17:28 Asia/Tokyo] PHP   1. {main}() /Applications/MAMP/htdocs/tic_tac_toe/board.php:0
[29-Aug-2019 23:17:38 Asia/Tokyo] PHP Notice:  Undefined index: select_name in /Applications/MAMP/htdocs/tic_tac_toe/board.php on line 20
[29-Aug-2019 23:17:38 Asia/Tokyo] PHP Stack trace:
[29-Aug-2019 23:17:38 Asia/Tokyo] PHP   1. {main}() /Applications/MAMP/htdocs/tic_tac_toe/board.php:0
[29-Aug-2019 23:17:47 Asia/Tokyo] PHP Notice:  Undefined index: select_name in /Applications/MAMP/htdocs/tic_tac_toe/board.php on line 20
[29-Aug-2019 23:17:47 Asia/Tokyo] PHP Stack trace:
[29-Aug-2019 23:17:47 Asia/Tokyo] PHP   1. {main}() /Applications/MAMP/htdocs/tic_tac_toe/board.php:0
[29-Aug-2019 23:19:50 Asia/Tokyo] PHP Notice:  Undefined index: select_name in /Applications/MAMP/htdocs/tic_tac_toe/board.php on line 20
[29-Aug-2019 23:19:50 Asia/Tokyo] PHP Stack trace:
[29-Aug-2019 23:19:50 Asia/Tokyo] PHP   1. {main}() /Applications/MAMP/htdocs/tic_tac_toe/board.php:0
[29-Aug-2019 23:55:59 Asia/Tokyo] PHP Notice:  Undefined index: select_name in /Applications/MAMP/htdocs/tic_tac_toe/board.php on line 20
[29-Aug-2019 23:55:59 Asia/Tokyo] PHP Stack trace:
[29-Aug-2019 23:55:59 Asia/Tokyo] PHP   1. {main}() /Applications/MAMP/htdocs/tic_tac_toe/board.php:0
[29-Aug-2019 23:56:26 Asia/Tokyo] PHP Notice:  Undefined index: select_name in /Applications/MAMP/htdocs/tic_tac_toe/board.php on line 20
[29-Aug-2019 23:56:26 Asia/Tokyo] PHP Stack trace:
[29-Aug-2019 23:56:26 Asia/Tokyo] PHP   1. {main}() /Applications/MAMP/htdocs/tic_tac_toe/board.php:0
[29-Aug-2019 23:56:47 Asia/Tokyo] PHP Notice:  Undefined index: select_name in /Applications/MAMP/htdocs/tic_tac_toe/board.php on line 20
[29-Aug-2019 23:56:47 Asia/Tokyo] PHP Stack trace:
[29-Aug-2019 23:56:47 Asia/Tokyo] PHP   1. {main}() /Applications/MAMP/htdocs/tic_tac_toe/board.php:0
[29-Aug-2019 23:57:16 Asia/Tokyo] PHP Notice:  Undefined index: select_name in /Applications/MAMP/htdocs/tic_tac_toe/board.php on line 20
[29-Aug-2019 23:57:16 Asia/Tokyo] PHP Stack trace:
[29-Aug-2019 23:57:16 Asia/Tokyo] PHP   1. {main}() /Applications/MAMP/htdocs/tic_tac_toe/board.php:0
[29-Aug-2019 23:57:53 Asia/Tokyo] PHP Notice:  Undefined index: select_name in /Applications/MAMP/htdocs/tic_tac_toe/board.php on line 20
[29-Aug-2019 23:57:53 Asia/Tokyo] PHP Stack trace:
[29-Aug-2019 23:57:53 Asia/Tokyo] PHP   1. {main}() /Applications/MAMP/htdocs/tic_tac_toe/board.php:0
[29-Aug-2019 23:58:53 Asia/Tokyo] PHP Notice:  Undefined index: select_name in /Applications/MAMP/htdocs/tic_tac_toe/board.php on line 20
[29-Aug-2019 23:58:53 Asia/Tokyo] PHP Stack trace:
[29-Aug-2019 23:58:53 Asia/Tokyo] PHP   1. {main}() /Applications/MAMP/htdocs/tic_tac_toe/board.php:0
[30-Aug-2019 00:01:38 Asia/Tokyo] PHP Notice:  Undefined index: select_name in /Applications/MAMP/htdocs/tic_tac_toe/board.php on line 20
[30-Aug-2019 00:01:38 Asia/Tokyo] PHP Stack trace:
[30-Aug-2019 00:01:38 Asia/Tokyo] PHP   1. {main}() /Applications/MAMP/htdocs/tic_tac_toe/board.php:0
[30-Aug-2019 00:03:11 Asia/Tokyo] PHP Notice:  Undefined index: select_name in /Applications/MAMP/htdocs/tic_tac_toe/board.php on line 20
[30-Aug-2019 00:03:11 Asia/Tokyo] PHP Stack trace:
[30-Aug-2019 00:03:11 Asia/Tokyo] PHP   1. {main}() /Applications/MAMP/htdocs/tic_tac_toe/board.php:0
[30-Aug-2019 00:03:32 Asia/Tokyo] PHP Notice:  Undefined index: select_name in /Applications/MAMP/htdocs/tic_tac_toe/board.php on line 20
[30-Aug-2019 00:03:32 Asia/Tokyo] PHP Stack trace:
[30-Aug-2019 00:03:32 Asia/Tokyo] PHP   1. {main}() /Applications/MAMP/htdocs/tic_tac_toe/board.php:0
[30-Aug-2019 00:03:58 Asia/Tokyo] PHP Notice:  Undefined index: select_name in /Applications/MAMP/htdocs/tic_tac_toe/board.php on line 20
[30-Aug-2019 00:03:58 Asia/Tokyo] PHP Stack trace:
[30-Aug-2019 00:03:58 Asia/Tokyo] PHP   1. {main}() /Applications/MAMP/htdocs/tic_tac_toe/board.php:0
[30-Aug-2019 00:07:16 Asia/Tokyo] PHP Notice:  Undefined index: select_name in /Applications/MAMP/htdocs/tic_tac_toe/board.php on line 20
[30-Aug-2019 00:07:16 Asia/Tokyo] PHP Stack trace:
[30-Aug-2019 00:07:16 Asia/Tokyo] PHP   1. {main}() /Applications/MAMP/htdocs/tic_tac_toe/board.php:0
[30-Aug-2019 00:07:40 Asia/Tokyo] PHP Notice:  Undefined index: select_name in /Applications/MAMP/htdocs/tic_tac_toe/board.php on line 20
[30-Aug-2019 00:07:40 Asia/Tokyo] PHP Stack trace:
[30-Aug-2019 00:07:40 Asia/Tokyo] PHP   1. {main}() /Applications/MAMP/htdocs/tic_tac_toe/board.php:0
[30-Aug-2019 22:35:26 Asia/Tokyo] PHP Notice:  Undefined index: select_name in /Applications/MAMP/htdocs/tic_tac_toe/board.php on line 20
[30-Aug-2019 22:35:26 Asia/Tokyo] PHP Stack trace:
[30-Aug-2019 22:35:26 Asia/Tokyo] PHP   1. {main}() /Applications/MAMP/htdocs/tic_tac_toe/board.php:0
[30-Aug-2019 22:36:06 Asia/Tokyo] PHP Notice:  Undefined index: select_name in /Applications/MAMP/htdocs/tic_tac_toe/board.php on line 20
[30-Aug-2019 22:36:06 Asia/Tokyo] PHP Stack trace:
[30-Aug-2019 22:36:06 Asia/Tokyo] PHP   1. {main}() /Applications/MAMP/htdocs/tic_tac_toe/board.php:0
[30-Aug-2019 22:36:24 Asia/Tokyo] PHP Notice:  Undefined index: select_name in /Applications/MAMP/htdocs/tic_tac_toe/board.php on line 20
[30-Aug-2019 22:36:24 Asia/Tokyo] PHP Stack trace:
[30-Aug-2019 22:36:24 Asia/Tokyo] PHP   1. {main}() /Applications/MAMP/htdocs/tic_tac_toe/board.php:0
[30-Aug-2019 22:36:31 Asia/Tokyo] PHP Notice:  Undefined index: select_name in /Applications/MAMP/htdocs/tic_tac_toe/board.php on line 20
[30-Aug-2019 22:36:31 Asia/Tokyo] PHP Stack trace:
[30-Aug-2019 22:36:31 Asia/Tokyo] PHP   1. {main}() /Applications/MAMP/htdocs/tic_tac_toe/board.php:0
[30-Aug-2019 22:36:56 Asia/Tokyo] PHP Notice:  Undefined index: select_name in /Applications/MAMP/htdocs/tic_tac_toe/board.php on line 20
[30-Aug-2019 22:36:56 Asia/Tokyo] PHP Stack trace:
[30-Aug-2019 22:36:56 Asia/Tokyo] PHP   1. {main}() /Applications/MAMP/htdocs/tic_tac_toe/board.php:0
[30-Aug-2019 22:37:26 Asia/Tokyo] PHP Notice:  Undefined index: select_name in /Applications/MAMP/htdocs/tic_tac_toe/board.php on line 20
[30-Aug-2019 22:37:26 Asia/Tokyo] PHP Stack trace:
[30-Aug-2019 22:37:26 Asia/Tokyo] PHP   1. {main}() /Applications/MAMP/htdocs/tic_tac_toe/board.php:0
[30-Aug-2019 22:37:49 Asia/Tokyo] PHP Notice:  Undefined index: select_name in /Applications/MAMP/htdocs/tic_tac_toe/board.php on line 20
[30-Aug-2019 22:37:49 Asia/Tokyo] PHP Stack trace:
[30-Aug-2019 22:37:49 Asia/Tokyo] PHP   1. {main}() /Applications/MAMP/htdocs/tic_tac_toe/board.php:0
[30-Aug-2019 22:39:51 Asia/Tokyo] PHP Notice:  Undefined index: select_name in /Applications/MAMP/htdocs/tic_tac_toe/board.php on line 20
[30-Aug-2019 22:39:51 Asia/Tokyo] PHP Stack trace:
[30-Aug-2019 22:39:51 Asia/Tokyo] PHP   1. {main}() /Applications/MAMP/htdocs/tic_tac_toe/board.php:0
[30-Aug-2019 22:41:18 Asia/Tokyo] PHP Notice:  Undefined index: select_name in /Applications/MAMP/htdocs/tic_tac_toe/board.php on line 20
[30-Aug-2019 22:41:18 Asia/Tokyo] PHP Stack trace:
[30-Aug-2019 22:41:18 Asia/Tokyo] PHP   1. {main}() /Applications/MAMP/htdocs/tic_tac_toe/board.php:0
[30-Aug-2019 22:41:34 Asia/Tokyo] PHP Notice:  Undefined index: select_name in /Applications/MAMP/htdocs/tic_tac_toe/board.php on line 20
[30-Aug-2019 22:41:34 Asia/Tokyo] PHP Stack trace:
[30-Aug-2019 22:41:34 Asia/Tokyo] PHP   1. {main}() /Applications/MAMP/htdocs/tic_tac_toe/board.php:0
[30-Aug-2019 22:43:29 Asia/Tokyo] PHP Notice:  Undefined index: select_name in /Applications/MAMP/htdocs/tic_tac_toe/board.php on line 20
[30-Aug-2019 22:43:29 Asia/Tokyo] PHP Stack trace:
[30-Aug-2019 22:43:29 Asia/Tokyo] PHP   1. {main}() /Applications/MAMP/htdocs/tic_tac_toe/board.php:0
[30-Aug-2019 22:45:41 Asia/Tokyo] PHP Notice:  Undefined index: select_name in /Applications/MAMP/htdocs/tic_tac_toe/board.php on line 20
[30-Aug-2019 22:45:41 Asia/Tokyo] PHP Stack trace:
[30-Aug-2019 22:45:41 Asia/Tokyo] PHP   1. {main}() /Applications/MAMP/htdocs/tic_tac_toe/board.php:0
[30-Aug-2019 22:46:36 Asia/Tokyo] PHP Notice:  Undefined index: select_name in /Applications/MAMP/htdocs/tic_tac_toe/board.php on line 20
[30-Aug-2019 22:46:36 Asia/Tokyo] PHP Stack trace:
[30-Aug-2019 22:46:36 Asia/Tokyo] PHP   1. {main}() /Applications/MAMP/htdocs/tic_tac_toe/board.php:0
[30-Aug-2019 22:47:17 Asia/Tokyo] PHP Notice:  Undefined index: select_name in /Applications/MAMP/htdocs/tic_tac_toe/board.php on line 20
[30-Aug-2019 22:47:17 Asia/Tokyo] PHP Stack trace:
[30-Aug-2019 22:47:17 Asia/Tokyo] PHP   1. {main}() /Applications/MAMP/htdocs/tic_tac_toe/board.php:0
[30-Aug-2019 22:48:20 Asia/Tokyo] PHP Notice:  Undefined index: select_name in /Applications/MAMP/htdocs/tic_tac_toe/board.php on line 20
[30-Aug-2019 22:48:20 Asia/Tokyo] PHP Stack trace:
[30-Aug-2019 22:48:20 Asia/Tokyo] PHP   1. {main}() /Applications/MAMP/htdocs/tic_tac_toe/board.php:0
[30-Aug-2019 22:48:38 Asia/Tokyo] PHP Notice:  Undefined index: select_name in /Applications/MAMP/htdocs/tic_tac_toe/board.php on line 20
[30-Aug-2019 22:48:38 Asia/Tokyo] PHP Stack trace:
[30-Aug-2019 22:48:38 Asia/Tokyo] PHP   1. {main}() /Applications/MAMP/htdocs/tic_tac_toe/board.php:0
[30-Aug-2019 23:31:13 Asia/Tokyo] PHP Notice:  Undefined index: select_name in /Applications/MAMP/htdocs/tic_tac_toe/board.php on line 20
[30-Aug-2019 23:31:13 Asia/Tokyo] PHP Stack trace:
[30-Aug-2019 23:31:13 Asia/Tokyo] PHP   1. {main}() /Applications/MAMP/htdocs/tic_tac_toe/board.php:0
[30-Aug-2019 23:31:32 Asia/Tokyo] PHP Notice:  Undefined index: select_name in /Applications/MAMP/htdocs/tic_tac_toe/board.php on line 20
[30-Aug-2019 23:31:32 Asia/Tokyo] PHP Stack trace:
[30-Aug-2019 23:31:32 Asia/Tokyo] PHP   1. {main}() /Applications/MAMP/htdocs/tic_tac_toe/board.php:0
[30-Aug-2019 23:33:26 Asia/Tokyo] PHP Notice:  Undefined index: select_name in /Applications/MAMP/htdocs/tic_tac_toe/board.php on line 20
[30-Aug-2019 23:33:26 Asia/Tokyo] PHP Stack trace:
[30-Aug-2019 23:33:26 Asia/Tokyo] PHP   1. {main}() /Applications/MAMP/htdocs/tic_tac_toe/board.php:0
[30-Aug-2019 23:33:50 Asia/Tokyo] PHP Notice:  Undefined index: select_name in /Applications/MAMP/htdocs/tic_tac_toe/board.php on line 20
[30-Aug-2019 23:33:50 Asia/Tokyo] PHP Stack trace:
[30-Aug-2019 23:33:50 Asia/Tokyo] PHP   1. {main}() /Applications/MAMP/htdocs/tic_tac_toe/board.php:0
[30-Aug-2019 23:36:00 Asia/Tokyo] PHP Notice:  Undefined index: select_name in /Applications/MAMP/htdocs/tic_tac_toe/board.php on line 20
[30-Aug-2019 23:36:00 Asia/Tokyo] PHP Stack trace:
[30-Aug-2019 23:36:00 Asia/Tokyo] PHP   1. {main}() /Applications/MAMP/htdocs/tic_tac_toe/board.php:0
[30-Aug-2019 23:37:02 Asia/Tokyo] PHP Notice:  Undefined index: select_name in /Applications/MAMP/htdocs/tic_tac_toe/board.php on line 20
[30-Aug-2019 23:37:02 Asia/Tokyo] PHP Stack trace:
[30-Aug-2019 23:37:02 Asia/Tokyo] PHP   1. {main}() /Applications/MAMP/htdocs/tic_tac_toe/board.php:0
[30-Aug-2019 23:39:16 Asia/Tokyo] PHP Notice:  Undefined index: select_name in /Applications/MAMP/htdocs/tic_tac_toe/board.php on line 20
[30-Aug-2019 23:39:16 Asia/Tokyo] PHP Stack trace:
[30-Aug-2019 23:39:16 Asia/Tokyo] PHP   1. {main}() /Applications/MAMP/htdocs/tic_tac_toe/board.php:0
[30-Aug-2019 23:40:40 Asia/Tokyo] PHP Notice:  Undefined index: select_name in /Applications/MAMP/htdocs/tic_tac_toe/board.php on line 20
[30-Aug-2019 23:40:40 Asia/Tokyo] PHP Stack trace:
[30-Aug-2019 23:40:40 Asia/Tokyo] PHP   1. {main}() /Applications/MAMP/htdocs/tic_tac_toe/board.php:0
[30-Aug-2019 23:42:38 Asia/Tokyo] PHP Notice:  Undefined index: select_name in /Applications/MAMP/htdocs/tic_tac_toe/board.php on line 20
[30-Aug-2019 23:42:38 Asia/Tokyo] PHP Stack trace:
[30-Aug-2019 23:42:38 Asia/Tokyo] PHP   1. {main}() /Applications/MAMP/htdocs/tic_tac_toe/board.php:0
[30-Aug-2019 23:43:52 Asia/Tokyo] PHP Notice:  Undefined index: select_name in /Applications/MAMP/htdocs/tic_tac_toe/board.php on line 20
[30-Aug-2019 23:43:52 Asia/Tokyo] PHP Stack trace:
[30-Aug-2019 23:43:52 Asia/Tokyo] PHP   1. {main}() /Applications/MAMP/htdocs/tic_tac_toe/board.php:0
[31-Aug-2019 00:11:22 Asia/Tokyo] PHP Fatal error:  Uncaught Error: Call to undefined function getIcon() in /Applications/MAMP/htdocs/tic_tac_toe/boardPage.php:37
Stack trace:
#0 /Applications/MAMP/htdocs/tic_tac_toe/common/abstractPage.php(15): BoardPage->main()
#1 /Applications/MAMP/htdocs/tic_tac_toe/board.php(6): AbstractPage->exec()
#2 {main}
  thrown in /Applications/MAMP/htdocs/tic_tac_toe/boardPage.php on line 37
[31-Aug-2019 00:11:22 Asia/Tokyo] PHP Stack trace:
[31-Aug-2019 00:11:22 Asia/Tokyo] PHP   1. {main}() /Applications/MAMP/htdocs/tic_tac_toe/board.php:0
[31-Aug-2019 00:11:22 Asia/Tokyo] PHP   2. BoardPage->exec() /Applications/MAMP/htdocs/tic_tac_toe/board.php:6
[31-Aug-2019 00:11:22 Asia/Tokyo] PHP   3. BoardPage->main() /Applications/MAMP/htdocs/tic_tac_toe/common/abstractPage.php:15
[31-Aug-2019 00:11:35 Asia/Tokyo] PHP Fatal error:  Uncaught Error: Call to undefined function getIcon() in /Applications/MAMP/htdocs/tic_tac_toe/boardPage.php:37
Stack trace:
#0 /Applications/MAMP/htdocs/tic_tac_toe/common/abstractPage.php(15): BoardPage->main()
#1 /Applications/MAMP/htdocs/tic_tac_toe/board.php(6): AbstractPage->exec()
#2 {main}
  thrown in /Applications/MAMP/htdocs/tic_tac_toe/boardPage.php on line 37
[31-Aug-2019 00:13:27 Asia/Tokyo] PHP Fatal error:  Uncaught Error: Call to undefined function getIcon() in /Applications/MAMP/htdocs/tic_tac_toe/boardPage.php:37
Stack trace:
#0 /Applications/MAMP/htdocs/tic_tac_toe/common/abstractPage.php(15): BoardPage->main()
#1 /Applications/MAMP/htdocs/tic_tac_toe/board.php(6): AbstractPage->exec()
#2 {main}
  thrown in /Applications/MAMP/htdocs/tic_tac_toe/boardPage.php on line 37
[31-Aug-2019 00:13:58 Asia/Tokyo] PHP Fatal error:  Uncaught Error: Call to undefined function getIcon() in /Applications/MAMP/htdocs/tic_tac_toe/boardPage.php:37
Stack trace:
#0 /Applications/MAMP/htdocs/tic_tac_toe/common/abstractPage.php(15): BoardPage->main()
#1 /Applications/MAMP/htdocs/tic_tac_toe/board.php(6): AbstractPage->exec()
#2 {main}
  thrown in /Applications/MAMP/htdocs/tic_tac_toe/boardPage.php on line 37
[31-Aug-2019 00:14:16 Asia/Tokyo] PHP Fatal error:  Uncaught Error: Call to undefined function getIcon() in /Applications/MAMP/htdocs/tic_tac_toe/boardPage.php:37
Stack trace:
#0 /Applications/MAMP/htdocs/tic_tac_toe/common/abstractPage.php(15): BoardPage->main()
#1 /Applications/MAMP/htdocs/tic_tac_toe/board.php(6): AbstractPage->exec()
#2 {main}
  thrown in /Applications/MAMP/htdocs/tic_tac_toe/boardPage.php on line 37
[31-Aug-2019 00:14:16 Asia/Tokyo] PHP Stack trace:
[31-Aug-2019 00:14:16 Asia/Tokyo] PHP   1. {main}() /Applications/MAMP/htdocs/tic_tac_toe/board.php:0
[31-Aug-2019 00:14:16 Asia/Tokyo] PHP   2. BoardPage->exec() /Applications/MAMP/htdocs/tic_tac_toe/board.php:6
[31-Aug-2019 00:14:16 Asia/Tokyo] PHP   3. BoardPage->main() /Applications/MAMP/htdocs/tic_tac_toe/common/abstractPage.php:15
[31-Aug-2019 00:14:29 Asia/Tokyo] PHP Notice:  Undefined index: select_name in /Applications/MAMP/htdocs/tic_tac_toe/board.php on line 20
[31-Aug-2019 00:14:29 Asia/Tokyo] PHP Stack trace:
[31-Aug-2019 00:14:29 Asia/Tokyo] PHP   1. {main}() /Applications/MAMP/htdocs/tic_tac_toe/board.php:0
[31-Aug-2019 14:09:29 Asia/Tokyo] PHP Notice:  Undefined index: select_name in /Applications/MAMP/htdocs/tic_tac_toe/board.php on line 20
[31-Aug-2019 14:09:29 Asia/Tokyo] PHP Stack trace:
[31-Aug-2019 14:09:29 Asia/Tokyo] PHP   1. {main}() /Applications/MAMP/htdocs/tic_tac_toe/board.php:0
[31-Aug-2019 14:10:22 Asia/Tokyo] PHP Notice:  Undefined index: select_name in /Applications/MAMP/htdocs/tic_tac_toe/board.php on line 20
[31-Aug-2019 14:10:22 Asia/Tokyo] PHP Stack trace:
[31-Aug-2019 14:10:22 Asia/Tokyo] PHP   1. {main}() /Applications/MAMP/htdocs/tic_tac_toe/board.php:0
[31-Aug-2019 14:11:30 Asia/Tokyo] PHP Notice:  Undefined index: select_name in /Applications/MAMP/htdocs/tic_tac_toe/board.php on line 20
[31-Aug-2019 14:11:30 Asia/Tokyo] PHP Stack trace:
[31-Aug-2019 14:11:30 Asia/Tokyo] PHP   1. {main}() /Applications/MAMP/htdocs/tic_tac_toe/board.php:0
[31-Aug-2019 14:13:28 Asia/Tokyo] PHP Notice:  Undefined index: select_name in /Applications/MAMP/htdocs/tic_tac_toe/board.php on line 20
[31-Aug-2019 14:13:28 Asia/Tokyo] PHP Stack trace:
[31-Aug-2019 14:13:28 Asia/Tokyo] PHP   1. {main}() /Applications/MAMP/htdocs/tic_tac_toe/board.php:0
[31-Aug-2019 14:13:40 Asia/Tokyo] PHP Notice:  Undefined index: select_name in /Applications/MAMP/htdocs/tic_tac_toe/board.php on line 20
[31-Aug-2019 14:13:40 Asia/Tokyo] PHP Stack trace:
[31-Aug-2019 14:13:40 Asia/Tokyo] PHP   1. {main}() /Applications/MAMP/htdocs/tic_tac_toe/board.php:0
[31-Aug-2019 14:14:32 Asia/Tokyo] PHP Notice:  Undefined index: select_name in /Applications/MAMP/htdocs/tic_tac_toe/board.php on line 20
[31-Aug-2019 14:14:32 Asia/Tokyo] PHP Stack trace:
[31-Aug-2019 14:14:32 Asia/Tokyo] PHP   1. {main}() /Applications/MAMP/htdocs/tic_tac_toe/board.php:0
[31-Aug-2019 14:15:40 Asia/Tokyo] PHP Notice:  Undefined index: select_name in /Applications/MAMP/htdocs/tic_tac_toe/board.php on line 20
[31-Aug-2019 14:15:40 Asia/Tokyo] PHP Stack trace:
[31-Aug-2019 14:15:40 Asia/Tokyo] PHP   1. {main}() /Applications/MAMP/htdocs/tic_tac_toe/board.php:0
[31-Aug-2019 14:16:44 Asia/Tokyo] PHP Notice:  Undefined index: select_name in /Applications/MAMP/htdocs/tic_tac_toe/board.php on line 20
[31-Aug-2019 14:16:44 Asia/Tokyo] PHP Stack trace:
[31-Aug-2019 14:16:44 Asia/Tokyo] PHP   1. {main}() /Applications/MAMP/htdocs/tic_tac_toe/board.php:0
[31-Aug-2019 14:18:49 Asia/Tokyo] PHP Notice:  Undefined index: select_name in /Applications/MAMP/htdocs/tic_tac_toe/board.php on line 20
[31-Aug-2019 14:18:49 Asia/Tokyo] PHP Stack trace:
[31-Aug-2019 14:18:49 Asia/Tokyo] PHP   1. {main}() /Applications/MAMP/htdocs/tic_tac_toe/board.php:0
[31-Aug-2019 14:19:43 Asia/Tokyo] PHP Notice:  Undefined index: select_name in /Applications/MAMP/htdocs/tic_tac_toe/board.php on line 20
[31-Aug-2019 14:19:43 Asia/Tokyo] PHP Stack trace:
[31-Aug-2019 14:19:43 Asia/Tokyo] PHP   1. {main}() /Applications/MAMP/htdocs/tic_tac_toe/board.php:0
[31-Aug-2019 14:21:12 Asia/Tokyo] PHP Notice:  Undefined index: select_name in /Applications/MAMP/htdocs/tic_tac_toe/board.php on line 20
[31-Aug-2019 14:21:12 Asia/Tokyo] PHP Stack trace:
[31-Aug-2019 14:21:12 Asia/Tokyo] PHP   1. {main}() /Applications/MAMP/htdocs/tic_tac_toe/board.php:0
[31-Aug-2019 14:24:07 Asia/Tokyo] PHP Notice:  Undefined index: select_name in /Applications/MAMP/htdocs/tic_tac_toe/board.php on line 20
[31-Aug-2019 14:24:07 Asia/Tokyo] PHP Stack trace:
[31-Aug-2019 14:24:07 Asia/Tokyo] PHP   1. {main}() /Applications/MAMP/htdocs/tic_tac_toe/board.php:0
[31-Aug-2019 14:25:01 Asia/Tokyo] PHP Notice:  Undefined index: select_name in /Applications/MAMP/htdocs/tic_tac_toe/board.php on line 20
[31-Aug-2019 14:25:01 Asia/Tokyo] PHP Stack trace:
[31-Aug-2019 14:25:01 Asia/Tokyo] PHP   1. {main}() /Applications/MAMP/htdocs/tic_tac_toe/board.php:0
[31-Aug-2019 14:26:47 Asia/Tokyo] PHP Notice:  Undefined index: select_name in /Applications/MAMP/htdocs/tic_tac_toe/board.php on line 20
[31-Aug-2019 14:26:47 Asia/Tokyo] PHP Stack trace:
[31-Aug-2019 14:26:47 Asia/Tokyo] PHP   1. {main}() /Applications/MAMP/htdocs/tic_tac_toe/board.php:0
[31-Aug-2019 14:27:47 Asia/Tokyo] PHP Notice:  Undefined index: select_name in /Applications/MAMP/htdocs/tic_tac_toe/board.php on line 20
[31-Aug-2019 14:27:47 Asia/Tokyo] PHP Stack trace:
[31-Aug-2019 14:27:47 Asia/Tokyo] PHP   1. {main}() /Applications/MAMP/htdocs/tic_tac_toe/board.php:0
[31-Aug-2019 14:28:54 Asia/Tokyo] PHP Notice:  Undefined index: select_name in /Applications/MAMP/htdocs/tic_tac_toe/board.php on line 20
[31-Aug-2019 14:28:54 Asia/Tokyo] PHP Stack trace:
[31-Aug-2019 14:28:54 Asia/Tokyo] PHP   1. {main}() /Applications/MAMP/htdocs/tic_tac_toe/board.php:0
[31-Aug-2019 14:32:45 Asia/Tokyo] PHP Notice:  Undefined index: select_name in /Applications/MAMP/htdocs/tic_tac_toe/board.php on line 20
[31-Aug-2019 14:32:45 Asia/Tokyo] PHP Stack trace:
[31-Aug-2019 14:32:45 Asia/Tokyo] PHP   1. {main}() /Applications/MAMP/htdocs/tic_tac_toe/board.php:0
[31-Aug-2019 14:33:50 Asia/Tokyo] PHP Notice:  Undefined index: select_name in /Applications/MAMP/htdocs/tic_tac_toe/board.php on line 20
[31-Aug-2019 14:33:50 Asia/Tokyo] PHP Stack trace:
[31-Aug-2019 14:33:50 Asia/Tokyo] PHP   1. {main}() /Applications/MAMP/htdocs/tic_tac_toe/board.php:0
[31-Aug-2019 14:34:41 Asia/Tokyo] PHP Notice:  Undefined index: select_name in /Applications/MAMP/htdocs/tic_tac_toe/board.php on line 20
[31-Aug-2019 14:34:41 Asia/Tokyo] PHP Stack trace:
[31-Aug-2019 14:34:41 Asia/Tokyo] PHP   1. {main}() /Applications/MAMP/htdocs/tic_tac_toe/board.php:0
[31-Aug-2019 14:35:02 Asia/Tokyo] PHP Notice:  Undefined index: select_name in /Applications/MAMP/htdocs/tic_tac_toe/board.php on line 20
[31-Aug-2019 14:35:02 Asia/Tokyo] PHP Stack trace:
[31-Aug-2019 14:35:02 Asia/Tokyo] PHP   1. {main}() /Applications/MAMP/htdocs/tic_tac_toe/board.php:0
[31-Aug-2019 14:36:50 Asia/Tokyo] PHP Notice:  Undefined index: select_name in /Applications/MAMP/htdocs/tic_tac_toe/board.php on line 20
[31-Aug-2019 14:36:50 Asia/Tokyo] PHP Stack trace:
[31-Aug-2019 14:36:50 Asia/Tokyo] PHP   1. {main}() /Applications/MAMP/htdocs/tic_tac_toe/board.php:0
[31-Aug-2019 14:37:04 Asia/Tokyo] PHP Notice:  Undefined index: select_name in /Applications/MAMP/htdocs/tic_tac_toe/board.php on line 20
[31-Aug-2019 14:37:04 Asia/Tokyo] PHP Stack trace:
[31-Aug-2019 14:37:04 Asia/Tokyo] PHP   1. {main}() /Applications/MAMP/htdocs/tic_tac_toe/board.php:0
[31-Aug-2019 14:37:57 Asia/Tokyo] PHP Notice:  Undefined index: select_name in /Applications/MAMP/htdocs/tic_tac_toe/board.php on line 20
[31-Aug-2019 14:37:57 Asia/Tokyo] PHP Stack trace:
[31-Aug-2019 14:37:57 Asia/Tokyo] PHP   1. {main}() /Applications/MAMP/htdocs/tic_tac_toe/board.php:0
[31-Aug-2019 14:40:26 Asia/Tokyo] PHP Notice:  Undefined index: select_name in /Applications/MAMP/htdocs/tic_tac_toe/board.php on line 20
[31-Aug-2019 14:40:26 Asia/Tokyo] PHP Stack trace:
[31-Aug-2019 14:40:26 Asia/Tokyo] PHP   1. {main}() /Applications/MAMP/htdocs/tic_tac_toe/board.php:0
[31-Aug-2019 14:42:14 Asia/Tokyo] PHP Notice:  Undefined index: select_name in /Applications/MAMP/htdocs/tic_tac_toe/board.php on line 20
[31-Aug-2019 14:42:14 Asia/Tokyo] PHP Stack trace:
[31-Aug-2019 14:42:14 Asia/Tokyo] PHP   1. {main}() /Applications/MAMP/htdocs/tic_tac_toe/board.php:0
[31-Aug-2019 14:45:13 Asia/Tokyo] PHP Notice:  Undefined index: select_name in /Applications/MAMP/htdocs/tic_tac_toe/board.php on line 20
[31-Aug-2019 14:45:13 Asia/Tokyo] PHP Stack trace:
[31-Aug-2019 14:45:13 Asia/Tokyo] PHP   1. {main}() /Applications/MAMP/htdocs/tic_tac_toe/board.php:0
[31-Aug-2019 14:45:43 Asia/Tokyo] PHP Notice:  Undefined index: select_name in /Applications/MAMP/htdocs/tic_tac_toe/board.php on line 20
[31-Aug-2019 14:45:43 Asia/Tokyo] PHP Stack trace:
[31-Aug-2019 14:45:43 Asia/Tokyo] PHP   1. {main}() /Applications/MAMP/htdocs/tic_tac_toe/board.php:0
[31-Aug-2019 14:46:22 Asia/Tokyo] PHP Notice:  Undefined index: select_name in /Applications/MAMP/htdocs/tic_tac_toe/board.php on line 20
[31-Aug-2019 14:46:22 Asia/Tokyo] PHP Stack trace:
[31-Aug-2019 14:46:22 Asia/Tokyo] PHP   1. {main}() /Applications/MAMP/htdocs/tic_tac_toe/board.php:0
[31-Aug-2019 14:48:46 Asia/Tokyo] PHP Notice:  Undefined index: select_name in /Applications/MAMP/htdocs/tic_tac_toe/board.php on line 20
[31-Aug-2019 14:48:46 Asia/Tokyo] PHP Stack trace:
[31-Aug-2019 14:48:46 Asia/Tokyo] PHP   1. {main}() /Applications/MAMP/htdocs/tic_tac_toe/board.php:0
[31-Aug-2019 14:53:48 Asia/Tokyo] PHP Notice:  Undefined index: select_name in /Applications/MAMP/htdocs/tic_tac_toe/board.php on line 20
[31-Aug-2019 14:53:48 Asia/Tokyo] PHP Stack trace:
[31-Aug-2019 14:53:48 Asia/Tokyo] PHP   1. {main}() /Applications/MAMP/htdocs/tic_tac_toe/board.php:0
[31-Aug-2019 14:53:49 Asia/Tokyo] PHP Notice:  Undefined index: select_name in /Applications/MAMP/htdocs/tic_tac_toe/board.php on line 20
[31-Aug-2019 14:53:49 Asia/Tokyo] PHP Stack trace:
[31-Aug-2019 14:53:49 Asia/Tokyo] PHP   1. {main}() /Applications/MAMP/htdocs/tic_tac_toe/board.php:0
[31-Aug-2019 14:57:03 Asia/Tokyo] PHP Notice:  Undefined index: select_name in /Applications/MAMP/htdocs/tic_tac_toe/board.php on line 20
[31-Aug-2019 14:57:03 Asia/Tokyo] PHP Stack trace:
[31-Aug-2019 14:57:03 Asia/Tokyo] PHP   1. {main}() /Applications/MAMP/htdocs/tic_tac_toe/board.php:0
[31-Aug-2019 15:17:42 Asia/Tokyo] PHP Notice:  Undefined index: select_name in /Applications/MAMP/htdocs/tic_tac_toe/board.php on line 20
[31-Aug-2019 15:17:42 Asia/Tokyo] PHP Stack trace:
[31-Aug-2019 15:17:42 Asia/Tokyo] PHP   1. {main}() /Applications/MAMP/htdocs/tic_tac_toe/board.php:0
[31-Aug-2019 15:18:16 Asia/Tokyo] PHP Notice:  Undefined index: select_name in /Applications/MAMP/htdocs/tic_tac_toe/board.php on line 20
[31-Aug-2019 15:18:16 Asia/Tokyo] PHP Stack trace:
[31-Aug-2019 15:18:16 Asia/Tokyo] PHP   1. {main}() /Applications/MAMP/htdocs/tic_tac_toe/board.php:0
[31-Aug-2019 15:18:59 Asia/Tokyo] PHP Notice:  Undefined index: select_name in /Applications/MAMP/htdocs/tic_tac_toe/board.php on line 20
[31-Aug-2019 15:18:59 Asia/Tokyo] PHP Stack trace:
[31-Aug-2019 15:18:59 Asia/Tokyo] PHP   1. {main}() /Applications/MAMP/htdocs/tic_tac_toe/board.php:0
[31-Aug-2019 15:33:01 Asia/Tokyo] PHP Notice:  Undefined index: select_name in /Applications/MAMP/htdocs/tic_tac_toe/board.php on line 20
[31-Aug-2019 15:33:01 Asia/Tokyo] PHP Stack trace:
[31-Aug-2019 15:33:01 Asia/Tokyo] PHP   1. {main}() /Applications/MAMP/htdocs/tic_tac_toe/board.php:0
[31-Aug-2019 15:33:27 Asia/Tokyo] PHP Notice:  Undefined index: select_name in /Applications/MAMP/htdocs/tic_tac_toe/board.php on line 20
[31-Aug-2019 15:33:27 Asia/Tokyo] PHP Stack trace:
[31-Aug-2019 15:33:27 Asia/Tokyo] PHP   1. {main}() /Applications/MAMP/htdocs/tic_tac_toe/board.php:0
[31-Aug-2019 15:33:56 Asia/Tokyo] PHP Notice:  Undefined index: select_name in /Applications/MAMP/htdocs/tic_tac_toe/board.php on line 20
[31-Aug-2019 15:33:56 Asia/Tokyo] PHP Stack trace:
[31-Aug-2019 15:33:56 Asia/Tokyo] PHP   1. {main}() /Applications/MAMP/htdocs/tic_tac_toe/board.php:0
[31-Aug-2019 15:34:02 Asia/Tokyo] PHP Notice:  Undefined index: select_name in /Applications/MAMP/htdocs/tic_tac_toe/board.php on line 20
[31-Aug-2019 15:34:02 Asia/Tokyo] PHP Stack trace:
[31-Aug-2019 15:34:02 Asia/Tokyo] PHP   1. {main}() /Applications/MAMP/htdocs/tic_tac_toe/board.php:0
[31-Aug-2019 15:34:55 Asia/Tokyo] PHP Notice:  Undefined index: select_name in /Applications/MAMP/htdocs/tic_tac_toe/board.php on line 20
[31-Aug-2019 15:34:55 Asia/Tokyo] PHP Stack trace:
[31-Aug-2019 15:34:55 Asia/Tokyo] PHP   1. {main}() /Applications/MAMP/htdocs/tic_tac_toe/board.php:0
[31-Aug-2019 15:35:03 Asia/Tokyo] PHP Notice:  Undefined index: select_name in /Applications/MAMP/htdocs/tic_tac_toe/board.php on line 20
[31-Aug-2019 15:35:03 Asia/Tokyo] PHP Stack trace:
[31-Aug-2019 15:35:03 Asia/Tokyo] PHP   1. {main}() /Applications/MAMP/htdocs/tic_tac_toe/board.php:0
[31-Aug-2019 15:35:36 Asia/Tokyo] PHP Notice:  Undefined index: select_name in /Applications/MAMP/htdocs/tic_tac_toe/board.php on line 20
[31-Aug-2019 15:35:36 Asia/Tokyo] PHP Stack trace:
[31-Aug-2019 15:35:36 Asia/Tokyo] PHP   1. {main}() /Applications/MAMP/htdocs/tic_tac_toe/board.php:0
[31-Aug-2019 15:42:14 Asia/Tokyo] PHP Notice:  Undefined index: select_name in /Applications/MAMP/htdocs/tic_tac_toe/board.php on line 20
[31-Aug-2019 15:42:14 Asia/Tokyo] PHP Stack trace:
[31-Aug-2019 15:42:14 Asia/Tokyo] PHP   1. {main}() /Applications/MAMP/htdocs/tic_tac_toe/board.php:0
[31-Aug-2019 15:51:48 Asia/Tokyo] PHP Notice:  Undefined index: select_name in /Applications/MAMP/htdocs/tic_tac_toe/board.php on line 20
[31-Aug-2019 15:51:48 Asia/Tokyo] PHP Stack trace:
[31-Aug-2019 15:51:48 Asia/Tokyo] PHP   1. {main}() /Applications/MAMP/htdocs/tic_tac_toe/board.php:0
[31-Aug-2019 15:52:55 Asia/Tokyo] PHP Notice:  Undefined index: select_name in /Applications/MAMP/htdocs/tic_tac_toe/board.php on line 20
[31-Aug-2019 15:52:55 Asia/Tokyo] PHP Stack trace:
[31-Aug-2019 15:52:55 Asia/Tokyo] PHP   1. {main}() /Applications/MAMP/htdocs/tic_tac_toe/board.php:0
[31-Aug-2019 15:54:24 Asia/Tokyo] PHP Notice:  Undefined index: select_name in /Applications/MAMP/htdocs/tic_tac_toe/board.php on line 20
[31-Aug-2019 15:54:24 Asia/Tokyo] PHP Stack trace:
[31-Aug-2019 15:54:24 Asia/Tokyo] PHP   1. {main}() /Applications/MAMP/htdocs/tic_tac_toe/board.php:0
[31-Aug-2019 15:54:24 Asia/Tokyo] PHP Notice:  Undefined index: board in /Applications/MAMP/htdocs/tic_tac_toe/board.php on line 21
[31-Aug-2019 15:54:24 Asia/Tokyo] PHP Stack trace:
[31-Aug-2019 15:54:24 Asia/Tokyo] PHP   1. {main}() /Applications/MAMP/htdocs/tic_tac_toe/board.php:0
[31-Aug-2019 15:54:24 Asia/Tokyo] PHP Fatal error:  Uncaught Error: Call to a member function createBoard() on null in /Applications/MAMP/htdocs/tic_tac_toe/board.php:21
Stack trace:
#0 {main}
  thrown in /Applications/MAMP/htdocs/tic_tac_toe/board.php on line 21
[31-Aug-2019 15:54:52 Asia/Tokyo] PHP Notice:  Undefined index: select_name in /Applications/MAMP/htdocs/tic_tac_toe/board.php on line 20
[31-Aug-2019 15:54:52 Asia/Tokyo] PHP Stack trace:
[31-Aug-2019 15:54:52 Asia/Tokyo] PHP   1. {main}() /Applications/MAMP/htdocs/tic_tac_toe/board.php:0
[31-Aug-2019 15:54:52 Asia/Tokyo] PHP Notice:  Undefined index: board in /Applications/MAMP/htdocs/tic_tac_toe/board.php on line 23
[31-Aug-2019 15:54:52 Asia/Tokyo] PHP Stack trace:
[31-Aug-2019 15:54:52 Asia/Tokyo] PHP   1. {main}() /Applications/MAMP/htdocs/tic_tac_toe/board.php:0
[31-Aug-2019 15:54:52 Asia/Tokyo] PHP Fatal error:  Uncaught Error: Call to a member function createBoard() on null in /Applications/MAMP/htdocs/tic_tac_toe/board.php:23
Stack trace:
#0 {main}
  thrown in /Applications/MAMP/htdocs/tic_tac_toe/board.php on line 23
[31-Aug-2019 15:55:24 Asia/Tokyo] PHP Notice:  Undefined index: select_name in /Applications/MAMP/htdocs/tic_tac_toe/board.php on line 20
[31-Aug-2019 15:55:24 Asia/Tokyo] PHP Stack trace:
[31-Aug-2019 15:55:24 Asia/Tokyo] PHP   1. {main}() /Applications/MAMP/htdocs/tic_tac_toe/board.php:0
[31-Aug-2019 15:55:24 Asia/Tokyo] PHP Notice:  Undefined index: board in /Applications/MAMP/htdocs/tic_tac_toe/board.php on line 23
[31-Aug-2019 15:55:24 Asia/Tokyo] PHP Stack trace:
[31-Aug-2019 15:55:24 Asia/Tokyo] PHP   1. {main}() /Applications/MAMP/htdocs/tic_tac_toe/board.php:0
[31-Aug-2019 15:55:24 Asia/Tokyo] PHP Fatal error:  Uncaught Error: Call to a member function createBoard() on null in /Applications/MAMP/htdocs/tic_tac_toe/board.php:23
Stack trace:
#0 {main}
  thrown in /Applications/MAMP/htdocs/tic_tac_toe/board.php on line 23
[31-Aug-2019 15:56:55 Asia/Tokyo] PHP Notice:  Undefined index: select_name in /Applications/MAMP/htdocs/tic_tac_toe/board.php on line 20
[31-Aug-2019 15:56:55 Asia/Tokyo] PHP Stack trace:
[31-Aug-2019 15:56:55 Asia/Tokyo] PHP   1. {main}() /Applications/MAMP/htdocs/tic_tac_toe/board.php:0
[31-Aug-2019 15:56:56 Asia/Tokyo] PHP Notice:  Undefined index: select_name in /Applications/MAMP/htdocs/tic_tac_toe/board.php on line 20
[31-Aug-2019 15:56:56 Asia/Tokyo] PHP Stack trace:
[31-Aug-2019 15:56:56 Asia/Tokyo] PHP   1. {main}() /Applications/MAMP/htdocs/tic_tac_toe/board.php:0
[31-Aug-2019 15:57:11 Asia/Tokyo] PHP Notice:  Undefined index: select_name in /Applications/MAMP/htdocs/tic_tac_toe/board.php on line 20
[31-Aug-2019 15:57:11 Asia/Tokyo] PHP Stack trace:
[31-Aug-2019 15:57:11 Asia/Tokyo] PHP   1. {main}() /Applications/MAMP/htdocs/tic_tac_toe/board.php:0
[31-Aug-2019 16:05:17 Asia/Tokyo] PHP Notice:  Undefined index: select_name in /Applications/MAMP/htdocs/tic_tac_toe/board.php on line 20
[31-Aug-2019 16:05:17 Asia/Tokyo] PHP Stack trace:
[31-Aug-2019 16:05:17 Asia/Tokyo] PHP   1. {main}() /Applications/MAMP/htdocs/tic_tac_toe/board.php:0
[31-Aug-2019 16:05:27 Asia/Tokyo] PHP Notice:  Undefined index: select_name in /Applications/MAMP/htdocs/tic_tac_toe/board.php on line 20
[31-Aug-2019 16:05:27 Asia/Tokyo] PHP Stack trace:
[31-Aug-2019 16:05:27 Asia/Tokyo] PHP   1. {main}() /Applications/MAMP/htdocs/tic_tac_toe/board.php:0
[31-Aug-2019 16:05:36 Asia/Tokyo] PHP Notice:  Undefined index: select_name in /Applications/MAMP/htdocs/tic_tac_toe/board.php on line 20
[31-Aug-2019 16:05:36 Asia/Tokyo] PHP Stack trace:
[31-Aug-2019 16:05:36 Asia/Tokyo] PHP   1. {main}() /Applications/MAMP/htdocs/tic_tac_toe/board.php:0
[31-Aug-2019 16:09:29 Asia/Tokyo] PHP Notice:  Undefined index: select_name in /Applications/MAMP/htdocs/tic_tac_toe/board.php on line 20
[31-Aug-2019 16:09:29 Asia/Tokyo] PHP Stack trace:
[31-Aug-2019 16:09:29 Asia/Tokyo] PHP   1. {main}() /Applications/MAMP/htdocs/tic_tac_toe/board.php:0
[31-Aug-2019 16:10:17 Asia/Tokyo] PHP Notice:  Undefined index: select_name in /Applications/MAMP/htdocs/tic_tac_toe/board.php on line 20
[31-Aug-2019 16:10:17 Asia/Tokyo] PHP Stack trace:
[31-Aug-2019 16:10:17 Asia/Tokyo] PHP   1. {main}() /Applications/MAMP/htdocs/tic_tac_toe/board.php:0
[31-Aug-2019 16:10:37 Asia/Tokyo] PHP Notice:  Undefined index: select_name in /Applications/MAMP/htdocs/tic_tac_toe/board.php on line 20
[31-Aug-2019 16:10:37 Asia/Tokyo] PHP Stack trace:
[31-Aug-2019 16:10:37 Asia/Tokyo] PHP   1. {main}() /Applications/MAMP/htdocs/tic_tac_toe/board.php:0
[31-Aug-2019 16:10:46 Asia/Tokyo] PHP Notice:  Undefined index: select_name in /Applications/MAMP/htdocs/tic_tac_toe/board.php on line 20
[31-Aug-2019 16:10:46 Asia/Tokyo] PHP Stack trace:
[31-Aug-2019 16:10:46 Asia/Tokyo] PHP   1. {main}() /Applications/MAMP/htdocs/tic_tac_toe/board.php:0
[31-Aug-2019 16:10:47 Asia/Tokyo] PHP Notice:  Undefined index: select_name in /Applications/MAMP/htdocs/tic_tac_toe/board.php on line 20
[31-Aug-2019 16:10:47 Asia/Tokyo] PHP Stack trace:
[31-Aug-2019 16:10:47 Asia/Tokyo] PHP   1. {main}() /Applications/MAMP/htdocs/tic_tac_toe/board.php:0
[31-Aug-2019 16:10:48 Asia/Tokyo] PHP Notice:  Undefined index: select_name in /Applications/MAMP/htdocs/tic_tac_toe/board.php on line 20
[31-Aug-2019 16:10:48 Asia/Tokyo] PHP Stack trace:
[31-Aug-2019 16:10:48 Asia/Tokyo] PHP   1. {main}() /Applications/MAMP/htdocs/tic_tac_toe/board.php:0
[31-Aug-2019 16:10:49 Asia/Tokyo] PHP Notice:  Undefined index: select_name in /Applications/MAMP/htdocs/tic_tac_toe/board.php on line 20
[31-Aug-2019 16:10:49 Asia/Tokyo] PHP Stack trace:
[31-Aug-2019 16:10:49 Asia/Tokyo] PHP   1. {main}() /Applications/MAMP/htdocs/tic_tac_toe/board.php:0
[31-Aug-2019 16:10:49 Asia/Tokyo] PHP Notice:  Undefined index: select_name in /Applications/MAMP/htdocs/tic_tac_toe/board.php on line 20
[31-Aug-2019 16:10:49 Asia/Tokyo] PHP Stack trace:
[31-Aug-2019 16:10:49 Asia/Tokyo] PHP   1. {main}() /Applications/MAMP/htdocs/tic_tac_toe/board.php:0
[31-Aug-2019 16:10:49 Asia/Tokyo] PHP Notice:  Undefined index: select_name in /Applications/MAMP/htdocs/tic_tac_toe/board.php on line 20
[31-Aug-2019 16:10:49 Asia/Tokyo] PHP Stack trace:
[31-Aug-2019 16:10:49 Asia/Tokyo] PHP   1. {main}() /Applications/MAMP/htdocs/tic_tac_toe/board.php:0
[31-Aug-2019 16:10:49 Asia/Tokyo] PHP Notice:  Undefined index: select_name in /Applications/MAMP/htdocs/tic_tac_toe/board.php on line 20
[31-Aug-2019 16:10:49 Asia/Tokyo] PHP Stack trace:
[31-Aug-2019 16:10:49 Asia/Tokyo] PHP   1. {main}() /Applications/MAMP/htdocs/tic_tac_toe/board.php:0
[31-Aug-2019 16:10:50 Asia/Tokyo] PHP Notice:  Undefined index: select_name in /Applications/MAMP/htdocs/tic_tac_toe/board.php on line 20
[31-Aug-2019 16:10:50 Asia/Tokyo] PHP Stack trace:
[31-Aug-2019 16:10:50 Asia/Tokyo] PHP   1. {main}() /Applications/MAMP/htdocs/tic_tac_toe/board.php:0
[31-Aug-2019 16:10:53 Asia/Tokyo] PHP Notice:  Undefined index: select_name in /Applications/MAMP/htdocs/tic_tac_toe/board.php on line 20
[31-Aug-2019 16:10:53 Asia/Tokyo] PHP Stack trace:
[31-Aug-2019 16:10:53 Asia/Tokyo] PHP   1. {main}() /Applications/MAMP/htdocs/tic_tac_toe/board.php:0
[31-Aug-2019 16:10:54 Asia/Tokyo] PHP Notice:  Undefined index: select_name in /Applications/MAMP/htdocs/tic_tac_toe/board.php on line 20
[31-Aug-2019 16:10:54 Asia/Tokyo] PHP Stack trace:
[31-Aug-2019 16:10:54 Asia/Tokyo] PHP   1. {main}() /Applications/MAMP/htdocs/tic_tac_toe/board.php:0
[31-Aug-2019 16:10:54 Asia/Tokyo] PHP Notice:  Undefined index: select_name in /Applications/MAMP/htdocs/tic_tac_toe/board.php on line 20
[31-Aug-2019 16:10:54 Asia/Tokyo] PHP Stack trace:
[31-Aug-2019 16:10:54 Asia/Tokyo] PHP   1. {main}() /Applications/MAMP/htdocs/tic_tac_toe/board.php:0
[31-Aug-2019 16:12:06 Asia/Tokyo] PHP Notice:  Undefined index: select_name in /Applications/MAMP/htdocs/tic_tac_toe/board.php on line 20
[31-Aug-2019 16:12:06 Asia/Tokyo] PHP Stack trace:
[31-Aug-2019 16:12:06 Asia/Tokyo] PHP   1. {main}() /Applications/MAMP/htdocs/tic_tac_toe/board.php:0
[31-Aug-2019 16:12:07 Asia/Tokyo] PHP Notice:  Undefined index: select_name in /Applications/MAMP/htdocs/tic_tac_toe/board.php on line 20
[31-Aug-2019 16:12:07 Asia/Tokyo] PHP Stack trace:
[31-Aug-2019 16:12:07 Asia/Tokyo] PHP   1. {main}() /Applications/MAMP/htdocs/tic_tac_toe/board.php:0
[31-Aug-2019 16:12:08 Asia/Tokyo] PHP Notice:  Undefined index: select_name in /Applications/MAMP/htdocs/tic_tac_toe/board.php on line 20
[31-Aug-2019 16:12:08 Asia/Tokyo] PHP Stack trace:
[31-Aug-2019 16:12:08 Asia/Tokyo] PHP   1. {main}() /Applications/MAMP/htdocs/tic_tac_toe/board.php:0
[31-Aug-2019 16:12:16 Asia/Tokyo] PHP Notice:  Undefined index: select_name in /Applications/MAMP/htdocs/tic_tac_toe/board.php on line 20
[31-Aug-2019 16:12:16 Asia/Tokyo] PHP Stack trace:
[31-Aug-2019 16:12:16 Asia/Tokyo] PHP   1. {main}() /Applications/MAMP/htdocs/tic_tac_toe/board.php:0
[31-Aug-2019 16:12:24 Asia/Tokyo] PHP Notice:  Undefined index: select_name in /Applications/MAMP/htdocs/tic_tac_toe/board.php on line 20
[31-Aug-2019 16:12:24 Asia/Tokyo] PHP Stack trace:
[31-Aug-2019 16:12:24 Asia/Tokyo] PHP   1. {main}() /Applications/MAMP/htdocs/tic_tac_toe/board.php:0
[31-Aug-2019 16:12:55 Asia/Tokyo] PHP Notice:  Undefined index: select_name in /Applications/MAMP/htdocs/tic_tac_toe/board.php on line 20
[31-Aug-2019 16:12:55 Asia/Tokyo] PHP Stack trace:
[31-Aug-2019 16:12:55 Asia/Tokyo] PHP   1. {main}() /Applications/MAMP/htdocs/tic_tac_toe/board.php:0
[31-Aug-2019 16:13:59 Asia/Tokyo] PHP Notice:  Undefined index: select_name in /Applications/MAMP/htdocs/tic_tac_toe/board.php on line 20
[31-Aug-2019 16:13:59 Asia/Tokyo] PHP Stack trace:
[31-Aug-2019 16:13:59 Asia/Tokyo] PHP   1. {main}() /Applications/MAMP/htdocs/tic_tac_toe/board.php:0
[31-Aug-2019 16:14:00 Asia/Tokyo] PHP Notice:  Undefined index: select_name in /Applications/MAMP/htdocs/tic_tac_toe/board.php on line 20
[31-Aug-2019 16:14:00 Asia/Tokyo] PHP Stack trace:
[31-Aug-2019 16:14:00 Asia/Tokyo] PHP   1. {main}() /Applications/MAMP/htdocs/tic_tac_toe/board.php:0
[31-Aug-2019 16:14:06 Asia/Tokyo] PHP Notice:  Undefined index: select_name in /Applications/MAMP/htdocs/tic_tac_toe/board.php on line 20
[31-Aug-2019 16:14:06 Asia/Tokyo] PHP Stack trace:
[31-Aug-2019 16:14:06 Asia/Tokyo] PHP   1. {main}() /Applications/MAMP/htdocs/tic_tac_toe/board.php:0
[01-Sep-2019 00:54:26 Asia/Tokyo] PHP Notice:  Undefined index: board-type in /Applications/MAMP/htdocs/tic_tac_toe/indexPage.php on line 11
[01-Sep-2019 00:54:26 Asia/Tokyo] PHP Stack trace:
[01-Sep-2019 00:54:26 Asia/Tokyo] PHP   1. {main}() /Applications/MAMP/htdocs/tic_tac_toe/index.php:0
[01-Sep-2019 00:54:26 Asia/Tokyo] PHP   2. IndexPage->exec() /Applications/MAMP/htdocs/tic_tac_toe/index.php:6
[01-Sep-2019 00:54:26 Asia/Tokyo] PHP   3. IndexPage->main() /Applications/MAMP/htdocs/tic_tac_toe/common/abstractPage.php:15
[01-Sep-2019 00:55:33 Asia/Tokyo] PHP Notice:  Undefined index: board-type in /Applications/MAMP/htdocs/tic_tac_toe/indexPage.php on line 11
[01-Sep-2019 00:55:33 Asia/Tokyo] PHP Stack trace:
[01-Sep-2019 00:55:33 Asia/Tokyo] PHP   1. {main}() /Applications/MAMP/htdocs/tic_tac_toe/index.php:0
[01-Sep-2019 00:55:33 Asia/Tokyo] PHP   2. IndexPage->exec() /Applications/MAMP/htdocs/tic_tac_toe/index.php:6
[01-Sep-2019 00:55:33 Asia/Tokyo] PHP   3. IndexPage->main() /Applications/MAMP/htdocs/tic_tac_toe/common/abstractPage.php:15
[01-Sep-2019 00:55:33 Asia/Tokyo] PHP Notice:  Undefined variable: playFirstIcon in /Applications/MAMP/htdocs/tic_tac_toe/boardPage.php on line 38
[01-Sep-2019 00:55:33 Asia/Tokyo] PHP Stack trace:
[01-Sep-2019 00:55:33 Asia/Tokyo] PHP   1. {main}() /Applications/MAMP/htdocs/tic_tac_toe/board.php:0
[01-Sep-2019 00:55:33 Asia/Tokyo] PHP   2. BoardPage->exec() /Applications/MAMP/htdocs/tic_tac_toe/board.php:6
[01-Sep-2019 00:55:33 Asia/Tokyo] PHP   3. BoardPage->main() /Applications/MAMP/htdocs/tic_tac_toe/common/abstractPage.php:15
[01-Sep-2019 00:55:33 Asia/Tokyo] PHP Notice:  Undefined variable: drawFirstIcon in /Applications/MAMP/htdocs/tic_tac_toe/boardPage.php on line 39
[01-Sep-2019 00:55:33 Asia/Tokyo] PHP Stack trace:
[01-Sep-2019 00:55:33 Asia/Tokyo] PHP   1. {main}() /Applications/MAMP/htdocs/tic_tac_toe/board.php:0
[01-Sep-2019 00:55:33 Asia/Tokyo] PHP   2. BoardPage->exec() /Applications/MAMP/htdocs/tic_tac_toe/board.php:6
[01-Sep-2019 00:55:33 Asia/Tokyo] PHP   3. BoardPage->main() /Applications/MAMP/htdocs/tic_tac_toe/common/abstractPage.php:15
[01-Sep-2019 00:55:33 Asia/Tokyo] PHP Notice:  Undefined variable: playFirstIcon in /Applications/MAMP/htdocs/tic_tac_toe/boardPage.php on line 41
[01-Sep-2019 00:55:33 Asia/Tokyo] PHP Stack trace:
[01-Sep-2019 00:55:33 Asia/Tokyo] PHP   1. {main}() /Applications/MAMP/htdocs/tic_tac_toe/board.php:0
[01-Sep-2019 00:55:33 Asia/Tokyo] PHP   2. BoardPage->exec() /Applications/MAMP/htdocs/tic_tac_toe/board.php:6
[01-Sep-2019 00:55:33 Asia/Tokyo] PHP   3. BoardPage->main() /Applications/MAMP/htdocs/tic_tac_toe/common/abstractPage.php:15
[01-Sep-2019 00:55:33 Asia/Tokyo] PHP Notice:  Undefined variable: drawFirstIcon in /Applications/MAMP/htdocs/tic_tac_toe/boardPage.php on line 42
[01-Sep-2019 00:55:33 Asia/Tokyo] PHP Stack trace:
[01-Sep-2019 00:55:33 Asia/Tokyo] PHP   1. {main}() /Applications/MAMP/htdocs/tic_tac_toe/board.php:0
[01-Sep-2019 00:55:33 Asia/Tokyo] PHP   2. BoardPage->exec() /Applications/MAMP/htdocs/tic_tac_toe/board.php:6
[01-Sep-2019 00:55:33 Asia/Tokyo] PHP   3. BoardPage->main() /Applications/MAMP/htdocs/tic_tac_toe/common/abstractPage.php:15
[01-Sep-2019 00:55:35 Asia/Tokyo] PHP Notice:  Undefined variable: playFirstIcon in /Applications/MAMP/htdocs/tic_tac_toe/boardPage.php on line 38
[01-Sep-2019 00:55:35 Asia/Tokyo] PHP Stack trace:
[01-Sep-2019 00:55:35 Asia/Tokyo] PHP   1. {main}() /Applications/MAMP/htdocs/tic_tac_toe/board.php:0
[01-Sep-2019 00:55:35 Asia/Tokyo] PHP   2. BoardPage->exec() /Applications/MAMP/htdocs/tic_tac_toe/board.php:6
[01-Sep-2019 00:55:35 Asia/Tokyo] PHP   3. BoardPage->main() /Applications/MAMP/htdocs/tic_tac_toe/common/abstractPage.php:15
[01-Sep-2019 00:55:35 Asia/Tokyo] PHP Notice:  Undefined variable: drawFirstIcon in /Applications/MAMP/htdocs/tic_tac_toe/boardPage.php on line 39
[01-Sep-2019 00:55:35 Asia/Tokyo] PHP Stack trace:
[01-Sep-2019 00:55:35 Asia/Tokyo] PHP   1. {main}() /Applications/MAMP/htdocs/tic_tac_toe/board.php:0
[01-Sep-2019 00:55:35 Asia/Tokyo] PHP   2. BoardPage->exec() /Applications/MAMP/htdocs/tic_tac_toe/board.php:6
[01-Sep-2019 00:55:35 Asia/Tokyo] PHP   3. BoardPage->main() /Applications/MAMP/htdocs/tic_tac_toe/common/abstractPage.php:15
[01-Sep-2019 00:55:35 Asia/Tokyo] PHP Notice:  Undefined variable: playFirstIcon in /Applications/MAMP/htdocs/tic_tac_toe/boardPage.php on line 41
[01-Sep-2019 00:55:35 Asia/Tokyo] PHP Stack trace:
[01-Sep-2019 00:55:35 Asia/Tokyo] PHP   1. {main}() /Applications/MAMP/htdocs/tic_tac_toe/board.php:0
[01-Sep-2019 00:55:35 Asia/Tokyo] PHP   2. BoardPage->exec() /Applications/MAMP/htdocs/tic_tac_toe/board.php:6
[01-Sep-2019 00:55:35 Asia/Tokyo] PHP   3. BoardPage->main() /Applications/MAMP/htdocs/tic_tac_toe/common/abstractPage.php:15
[01-Sep-2019 00:55:35 Asia/Tokyo] PHP Notice:  Undefined variable: drawFirstIcon in /Applications/MAMP/htdocs/tic_tac_toe/boardPage.php on line 42
[01-Sep-2019 00:55:35 Asia/Tokyo] PHP Stack trace:
[01-Sep-2019 00:55:35 Asia/Tokyo] PHP   1. {main}() /Applications/MAMP/htdocs/tic_tac_toe/board.php:0
[01-Sep-2019 00:55:35 Asia/Tokyo] PHP   2. BoardPage->exec() /Applications/MAMP/htdocs/tic_tac_toe/board.php:6
[01-Sep-2019 00:55:35 Asia/Tokyo] PHP   3. BoardPage->main() /Applications/MAMP/htdocs/tic_tac_toe/common/abstractPage.php:15
[01-Sep-2019 00:55:53 Asia/Tokyo] PHP Notice:  Undefined variable: playFirstIcon in /Applications/MAMP/htdocs/tic_tac_toe/boardPage.php on line 38
[01-Sep-2019 00:55:53 Asia/Tokyo] PHP Stack trace:
[01-Sep-2019 00:55:53 Asia/Tokyo] PHP   1. {main}() /Applications/MAMP/htdocs/tic_tac_toe/board.php:0
[01-Sep-2019 00:55:53 Asia/Tokyo] PHP   2. BoardPage->exec() /Applications/MAMP/htdocs/tic_tac_toe/board.php:6
[01-Sep-2019 00:55:53 Asia/Tokyo] PHP   3. BoardPage->main() /Applications/MAMP/htdocs/tic_tac_toe/common/abstractPage.php:15
[01-Sep-2019 00:55:53 Asia/Tokyo] PHP Notice:  Undefined variable: drawFirstIcon in /Applications/MAMP/htdocs/tic_tac_toe/boardPage.php on line 39
[01-Sep-2019 00:55:53 Asia/Tokyo] PHP Stack trace:
[01-Sep-2019 00:55:53 Asia/Tokyo] PHP   1. {main}() /Applications/MAMP/htdocs/tic_tac_toe/board.php:0
[01-Sep-2019 00:55:53 Asia/Tokyo] PHP   2. BoardPage->exec() /Applications/MAMP/htdocs/tic_tac_toe/board.php:6
[01-Sep-2019 00:55:53 Asia/Tokyo] PHP   3. BoardPage->main() /Applications/MAMP/htdocs/tic_tac_toe/common/abstractPage.php:15
[01-Sep-2019 00:55:53 Asia/Tokyo] PHP Notice:  Undefined variable: playFirstIcon in /Applications/MAMP/htdocs/tic_tac_toe/boardPage.php on line 41
[01-Sep-2019 00:55:53 Asia/Tokyo] PHP Stack trace:
[01-Sep-2019 00:55:53 Asia/Tokyo] PHP   1. {main}() /Applications/MAMP/htdocs/tic_tac_toe/board.php:0
[01-Sep-2019 00:55:53 Asia/Tokyo] PHP   2. BoardPage->exec() /Applications/MAMP/htdocs/tic_tac_toe/board.php:6
[01-Sep-2019 00:55:53 Asia/Tokyo] PHP   3. BoardPage->main() /Applications/MAMP/htdocs/tic_tac_toe/common/abstractPage.php:15
[01-Sep-2019 00:55:53 Asia/Tokyo] PHP Notice:  Undefined variable: drawFirstIcon in /Applications/MAMP/htdocs/tic_tac_toe/boardPage.php on line 42
[01-Sep-2019 00:55:53 Asia/Tokyo] PHP Stack trace:
[01-Sep-2019 00:55:53 Asia/Tokyo] PHP   1. {main}() /Applications/MAMP/htdocs/tic_tac_toe/board.php:0
[01-Sep-2019 00:55:53 Asia/Tokyo] PHP   2. BoardPage->exec() /Applications/MAMP/htdocs/tic_tac_toe/board.php:6
[01-Sep-2019 00:55:53 Asia/Tokyo] PHP   3. BoardPage->main() /Applications/MAMP/htdocs/tic_tac_toe/common/abstractPage.php:15
[01-Sep-2019 00:55:54 Asia/Tokyo] PHP Notice:  Undefined variable: playFirstIcon in /Applications/MAMP/htdocs/tic_tac_toe/boardPage.php on line 38
[01-Sep-2019 00:55:54 Asia/Tokyo] PHP Stack trace:
[01-Sep-2019 00:55:54 Asia/Tokyo] PHP   1. {main}() /Applications/MAMP/htdocs/tic_tac_toe/board.php:0
[01-Sep-2019 00:55:54 Asia/Tokyo] PHP   2. BoardPage->exec() /Applications/MAMP/htdocs/tic_tac_toe/board.php:6
[01-Sep-2019 00:55:54 Asia/Tokyo] PHP   3. BoardPage->main() /Applications/MAMP/htdocs/tic_tac_toe/common/abstractPage.php:15
[01-Sep-2019 00:55:54 Asia/Tokyo] PHP Notice:  Undefined variable: drawFirstIcon in /Applications/MAMP/htdocs/tic_tac_toe/boardPage.php on line 39
[01-Sep-2019 00:55:54 Asia/Tokyo] PHP Stack trace:
[01-Sep-2019 00:55:54 Asia/Tokyo] PHP   1. {main}() /Applications/MAMP/htdocs/tic_tac_toe/board.php:0
[01-Sep-2019 00:55:54 Asia/Tokyo] PHP   2. BoardPage->exec() /Applications/MAMP/htdocs/tic_tac_toe/board.php:6
[01-Sep-2019 00:55:54 Asia/Tokyo] PHP   3. BoardPage->main() /Applications/MAMP/htdocs/tic_tac_toe/common/abstractPage.php:15
[01-Sep-2019 00:55:54 Asia/Tokyo] PHP Notice:  Undefined variable: playFirstIcon in /Applications/MAMP/htdocs/tic_tac_toe/boardPage.php on line 41
[01-Sep-2019 00:55:54 Asia/Tokyo] PHP Stack trace:
[01-Sep-2019 00:55:54 Asia/Tokyo] PHP   1. {main}() /Applications/MAMP/htdocs/tic_tac_toe/board.php:0
[01-Sep-2019 00:55:54 Asia/Tokyo] PHP   2. BoardPage->exec() /Applications/MAMP/htdocs/tic_tac_toe/board.php:6
[01-Sep-2019 00:55:54 Asia/Tokyo] PHP   3. BoardPage->main() /Applications/MAMP/htdocs/tic_tac_toe/common/abstractPage.php:15
[01-Sep-2019 00:55:54 Asia/Tokyo] PHP Notice:  Undefined variable: drawFirstIcon in /Applications/MAMP/htdocs/tic_tac_toe/boardPage.php on line 42
[01-Sep-2019 00:55:54 Asia/Tokyo] PHP Stack trace:
[01-Sep-2019 00:55:54 Asia/Tokyo] PHP   1. {main}() /Applications/MAMP/htdocs/tic_tac_toe/board.php:0
[01-Sep-2019 00:55:54 Asia/Tokyo] PHP   2. BoardPage->exec() /Applications/MAMP/htdocs/tic_tac_toe/board.php:6
[01-Sep-2019 00:55:54 Asia/Tokyo] PHP   3. BoardPage->main() /Applications/MAMP/htdocs/tic_tac_toe/common/abstractPage.php:15
[01-Sep-2019 00:56:17 Asia/Tokyo] PHP Notice:  Undefined variable: playFirstIcon in /Applications/MAMP/htdocs/tic_tac_toe/boardPage.php on line 38
[01-Sep-2019 00:56:17 Asia/Tokyo] PHP Stack trace:
[01-Sep-2019 00:56:17 Asia/Tokyo] PHP   1. {main}() /Applications/MAMP/htdocs/tic_tac_toe/board.php:0
[01-Sep-2019 00:56:17 Asia/Tokyo] PHP   2. BoardPage->exec() /Applications/MAMP/htdocs/tic_tac_toe/board.php:6
[01-Sep-2019 00:56:17 Asia/Tokyo] PHP   3. BoardPage->main() /Applications/MAMP/htdocs/tic_tac_toe/common/abstractPage.php:15
[01-Sep-2019 00:56:17 Asia/Tokyo] PHP Notice:  Undefined variable: drawFirstIcon in /Applications/MAMP/htdocs/tic_tac_toe/boardPage.php on line 39
[01-Sep-2019 00:56:17 Asia/Tokyo] PHP Stack trace:
[01-Sep-2019 00:56:17 Asia/Tokyo] PHP   1. {main}() /Applications/MAMP/htdocs/tic_tac_toe/board.php:0
[01-Sep-2019 00:56:17 Asia/Tokyo] PHP   2. BoardPage->exec() /Applications/MAMP/htdocs/tic_tac_toe/board.php:6
[01-Sep-2019 00:56:17 Asia/Tokyo] PHP   3. BoardPage->main() /Applications/MAMP/htdocs/tic_tac_toe/common/abstractPage.php:15
[01-Sep-2019 00:56:17 Asia/Tokyo] PHP Notice:  Undefined variable: playFirstIcon in /Applications/MAMP/htdocs/tic_tac_toe/boardPage.php on line 41
[01-Sep-2019 00:56:17 Asia/Tokyo] PHP Stack trace:
[01-Sep-2019 00:56:17 Asia/Tokyo] PHP   1. {main}() /Applications/MAMP/htdocs/tic_tac_toe/board.php:0
[01-Sep-2019 00:56:17 Asia/Tokyo] PHP   2. BoardPage->exec() /Applications/MAMP/htdocs/tic_tac_toe/board.php:6
[01-Sep-2019 00:56:17 Asia/Tokyo] PHP   3. BoardPage->main() /Applications/MAMP/htdocs/tic_tac_toe/common/abstractPage.php:15
[01-Sep-2019 00:56:17 Asia/Tokyo] PHP Notice:  Undefined variable: drawFirstIcon in /Applications/MAMP/htdocs/tic_tac_toe/boardPage.php on line 42
[01-Sep-2019 00:56:17 Asia/Tokyo] PHP Stack trace:
[01-Sep-2019 00:56:17 Asia/Tokyo] PHP   1. {main}() /Applications/MAMP/htdocs/tic_tac_toe/board.php:0
[01-Sep-2019 00:56:17 Asia/Tokyo] PHP   2. BoardPage->exec() /Applications/MAMP/htdocs/tic_tac_toe/board.php:6
[01-Sep-2019 00:56:17 Asia/Tokyo] PHP   3. BoardPage->main() /Applications/MAMP/htdocs/tic_tac_toe/common/abstractPage.php:15
[01-Sep-2019 00:56:18 Asia/Tokyo] PHP Notice:  Undefined variable: playFirstIcon in /Applications/MAMP/htdocs/tic_tac_toe/boardPage.php on line 38
[01-Sep-2019 00:56:18 Asia/Tokyo] PHP Stack trace:
[01-Sep-2019 00:56:18 Asia/Tokyo] PHP   1. {main}() /Applications/MAMP/htdocs/tic_tac_toe/board.php:0
[01-Sep-2019 00:56:18 Asia/Tokyo] PHP   2. BoardPage->exec() /Applications/MAMP/htdocs/tic_tac_toe/board.php:6
[01-Sep-2019 00:56:18 Asia/Tokyo] PHP   3. BoardPage->main() /Applications/MAMP/htdocs/tic_tac_toe/common/abstractPage.php:15
[01-Sep-2019 00:56:18 Asia/Tokyo] PHP Notice:  Undefined variable: drawFirstIcon in /Applications/MAMP/htdocs/tic_tac_toe/boardPage.php on line 39
[01-Sep-2019 00:56:18 Asia/Tokyo] PHP Stack trace:
[01-Sep-2019 00:56:18 Asia/Tokyo] PHP   1. {main}() /Applications/MAMP/htdocs/tic_tac_toe/board.php:0
[01-Sep-2019 00:56:18 Asia/Tokyo] PHP   2. BoardPage->exec() /Applications/MAMP/htdocs/tic_tac_toe/board.php:6
[01-Sep-2019 00:56:18 Asia/Tokyo] PHP   3. BoardPage->main() /Applications/MAMP/htdocs/tic_tac_toe/common/abstractPage.php:15
[01-Sep-2019 00:56:18 Asia/Tokyo] PHP Notice:  Undefined variable: playFirstIcon in /Applications/MAMP/htdocs/tic_tac_toe/boardPage.php on line 41
[01-Sep-2019 00:56:18 Asia/Tokyo] PHP Stack trace:
[01-Sep-2019 00:56:18 Asia/Tokyo] PHP   1. {main}() /Applications/MAMP/htdocs/tic_tac_toe/board.php:0
[01-Sep-2019 00:56:18 Asia/Tokyo] PHP   2. BoardPage->exec() /Applications/MAMP/htdocs/tic_tac_toe/board.php:6
[01-Sep-2019 00:56:18 Asia/Tokyo] PHP   3. BoardPage->main() /Applications/MAMP/htdocs/tic_tac_toe/common/abstractPage.php:15
[01-Sep-2019 00:56:18 Asia/Tokyo] PHP Notice:  Undefined variable: drawFirstIcon in /Applications/MAMP/htdocs/tic_tac_toe/boardPage.php on line 42
[01-Sep-2019 00:56:18 Asia/Tokyo] PHP Stack trace:
[01-Sep-2019 00:56:18 Asia/Tokyo] PHP   1. {main}() /Applications/MAMP/htdocs/tic_tac_toe/board.php:0
[01-Sep-2019 00:56:18 Asia/Tokyo] PHP   2. BoardPage->exec() /Applications/MAMP/htdocs/tic_tac_toe/board.php:6
[01-Sep-2019 00:56:18 Asia/Tokyo] PHP   3. BoardPage->main() /Applications/MAMP/htdocs/tic_tac_toe/common/abstractPage.php:15
[01-Sep-2019 00:58:19 Asia/Tokyo] PHP Notice:  Undefined variable: playFirstIcon in /Applications/MAMP/htdocs/tic_tac_toe/boardPage.php on line 38
[01-Sep-2019 00:58:19 Asia/Tokyo] PHP Stack trace:
[01-Sep-2019 00:58:19 Asia/Tokyo] PHP   1. {main}() /Applications/MAMP/htdocs/tic_tac_toe/board.php:0
[01-Sep-2019 00:58:19 Asia/Tokyo] PHP   2. BoardPage->exec() /Applications/MAMP/htdocs/tic_tac_toe/board.php:6
[01-Sep-2019 00:58:19 Asia/Tokyo] PHP   3. BoardPage->main() /Applications/MAMP/htdocs/tic_tac_toe/common/abstractPage.php:15
